{"/home/jkruse/workspace/react-redux-todo/src/components/Filters/FiltersActions.js": {"path":"/home/jkruse/workspace/react-redux-todo/src/components/Filters/FiltersActions.js","statementMap":{"0":{"start":{"line":1,"column":37},"end":{"line":1,"column":60}},"1":{"start":{"line":3,"column":34},"end":{"line":9,"column":1}},"2":{"start":{"line":12,"column":2},"end":{"line":15,"column":3}}},"fnMap":{"0":{"name":"setVisibilityFilter","decl":{"start":{"line":11,"column":16},"end":{"line":11,"column":35}},"loc":{"start":{"line":11,"column":43},"end":{"line":16,"column":1}},"line":11}},"branchMap":{},"s":{"0":2,"1":2,"2":5},"f":{"0":5},"b":{},"_coverageSchema":"332fd63041d2c1bcb487cc26dd0d5f7d97098a6c","hash":"d6c20a438030df352920a0bed973c3dbbe893bcf"}
,"/home/jkruse/workspace/react-redux-todo/src/components/Filters/FiltersReducers.js": {"path":"/home/jkruse/workspace/react-redux-todo/src/components/Filters/FiltersReducers.js","statementMap":{"0":{"start":{"line":2,"column":16},"end":{"line":6,"column":50}},"1":{"start":{"line":7,"column":21},"end":{"line":7,"column":39}},"2":{"start":{"line":10,"column":2},"end":{"line":19,"column":3}},"3":{"start":{"line":12,"column":6},"end":{"line":16,"column":7}},"4":{"start":{"line":13,"column":8},"end":{"line":13,"column":29}},"5":{"start":{"line":15,"column":8},"end":{"line":15,"column":23}},"6":{"start":{"line":18,"column":6},"end":{"line":18,"column":21}}},"fnMap":{"0":{"name":"visibilityFilter","decl":{"start":{"line":9,"column":16},"end":{"line":9,"column":32}},"loc":{"start":{"line":9,"column":59},"end":{"line":20,"column":1}},"line":9}},"branchMap":{"0":{"loc":{"start":{"line":9,"column":33},"end":{"line":9,"column":49}},"type":"default-arg","locations":[{"start":{"line":9,"column":41},"end":{"line":9,"column":49}}],"line":9},"1":{"loc":{"start":{"line":10,"column":2},"end":{"line":19,"column":3}},"type":"switch","locations":[{"start":{"line":11,"column":4},"end":{"line":16,"column":7}},{"start":{"line":17,"column":4},"end":{"line":18,"column":21}}],"line":10},"2":{"loc":{"start":{"line":12,"column":6},"end":{"line":16,"column":7}},"type":"if","locations":[{"start":{"line":12,"column":6},"end":{"line":16,"column":7}},{"start":{"line":12,"column":6},"end":{"line":16,"column":7}}],"line":12}},"s":{"0":1,"1":1,"2":6,"3":5,"4":4,"5":1,"6":1},"f":{"0":6},"b":{"0":[0],"1":[5,1],"2":[4,1]},"_coverageSchema":"332fd63041d2c1bcb487cc26dd0d5f7d97098a6c","hash":"398334c6c8fb3d0d29ec8ae11358d97d684bd418"}
,"/home/jkruse/workspace/react-redux-todo/src/components/Modals/ModalsActions.js": {"path":"/home/jkruse/workspace/react-redux-todo/src/components/Modals/ModalsActions.js","statementMap":{"0":{"start":{"line":1,"column":27},"end":{"line":1,"column":40}},"1":{"start":{"line":2,"column":26},"end":{"line":2,"column":38}},"2":{"start":{"line":4,"column":27},"end":{"line":8,"column":1}},"3":{"start":{"line":11,"column":14},"end":{"line":11,"column":20}},"4":{"start":{"line":12,"column":2},"end":{"line":15,"column":3}},"5":{"start":{"line":19,"column":2},"end":{"line":22,"column":3}}},"fnMap":{"0":{"name":"closeModal","decl":{"start":{"line":10,"column":16},"end":{"line":10,"column":26}},"loc":{"start":{"line":10,"column":29},"end":{"line":16,"column":1}},"line":10},"1":{"name":"openModal","decl":{"start":{"line":18,"column":16},"end":{"line":18,"column":25}},"loc":{"start":{"line":18,"column":33},"end":{"line":23,"column":1}},"line":18}},"branchMap":{},"s":{"0":5,"1":5,"2":5,"3":1,"4":1,"5":1},"f":{"0":1,"1":1},"b":{},"_coverageSchema":"332fd63041d2c1bcb487cc26dd0d5f7d97098a6c","hash":"5296e7342c684e419ef354c6abeac804b88d05b0"}
,"/home/jkruse/workspace/react-redux-todo/src/components/Modals/ModalsReducers.js": {"path":"/home/jkruse/workspace/react-redux-todo/src/components/Modals/ModalsReducers.js","statementMap":{"0":{"start":{"line":3,"column":40},"end":{"line":3,"column":51}},"1":{"start":{"line":6,"column":2},"end":{"line":21,"column":3}},"2":{"start":{"line":8,"column":6},"end":{"line":8,"column":25}},"3":{"start":{"line":10,"column":6},"end":{"line":18,"column":7}},"4":{"start":{"line":13,"column":10},"end":{"line":13,"column":44}},"5":{"start":{"line":15,"column":10},"end":{"line":15,"column":80}},"6":{"start":{"line":17,"column":10},"end":{"line":17,"column":28}},"7":{"start":{"line":20,"column":6},"end":{"line":20,"column":25}}},"fnMap":{"0":{"name":"modal","decl":{"start":{"line":5,"column":16},"end":{"line":5,"column":21}},"loc":{"start":{"line":5,"column":53},"end":{"line":22,"column":1}},"line":5}},"branchMap":{"0":{"loc":{"start":{"line":5,"column":22},"end":{"line":5,"column":43}},"type":"default-arg","locations":[{"start":{"line":5,"column":30},"end":{"line":5,"column":43}}],"line":5},"1":{"loc":{"start":{"line":6,"column":2},"end":{"line":21,"column":3}},"type":"switch","locations":[{"start":{"line":7,"column":4},"end":{"line":8,"column":25}},{"start":{"line":9,"column":4},"end":{"line":18,"column":7}},{"start":{"line":19,"column":4},"end":{"line":20,"column":25}}],"line":6},"2":{"loc":{"start":{"line":10,"column":6},"end":{"line":18,"column":7}},"type":"switch","locations":[{"start":{"line":11,"column":8},"end":{"line":11,"column":22}},{"start":{"line":12,"column":8},"end":{"line":13,"column":44}},{"start":{"line":14,"column":8},"end":{"line":15,"column":80}},{"start":{"line":16,"column":8},"end":{"line":17,"column":28}}],"line":10}},"s":{"0":1,"1":6,"2":1,"3":4,"4":3,"5":1,"6":0,"7":1},"f":{"0":6},"b":{"0":[0],"1":[1,4,1],"2":[1,3,1,0]},"_coverageSchema":"332fd63041d2c1bcb487cc26dd0d5f7d97098a6c","hash":"c886b93a78459c406ce57d8bc0b795fa0bf95782"}
,"/home/jkruse/workspace/react-redux-todo/src/components/ToDo/ToDo.js": {"path":"/home/jkruse/workspace/react-redux-todo/src/components/ToDo/ToDo.js","statementMap":{"0":{"start":{"line":11,"column":4},"end":{"line":11,"column":16}},"1":{"start":{"line":12,"column":4},"end":{"line":17,"column":5}},"2":{"start":{"line":18,"column":4},"end":{"line":18,"column":40}},"3":{"start":{"line":19,"column":4},"end":{"line":19,"column":51}},"4":{"start":{"line":20,"column":4},"end":{"line":20,"column":35}},"5":{"start":{"line":24,"column":4},"end":{"line":29,"column":5}},"6":{"start":{"line":25,"column":6},"end":{"line":28,"column":8}},"7":{"start":{"line":33,"column":4},"end":{"line":33,"column":23}},"8":{"start":{"line":37,"column":4},"end":{"line":50,"column":5}},"9":{"start":{"line":54,"column":0},"end":{"line":61,"column":1}},"10":{"start":{"line":64,"column":2},"end":{"line":64,"column":13}},"11":{"start":{"line":68,"column":2},"end":{"line":68,"column":11}}},"fnMap":{"0":{"name":"(anonymous_0)","decl":{"start":{"line":10,"column":2},"end":{"line":10,"column":3}},"loc":{"start":{"line":10,"column":21},"end":{"line":21,"column":3}},"line":10},"1":{"name":"(anonymous_1)","decl":{"start":{"line":23,"column":2},"end":{"line":23,"column":3}},"loc":{"start":{"line":23,"column":39},"end":{"line":30,"column":3}},"line":23},"2":{"name":"(anonymous_2)","decl":{"start":{"line":32,"column":2},"end":{"line":32,"column":3}},"loc":{"start":{"line":32,"column":20},"end":{"line":34,"column":3}},"line":32},"3":{"name":"(anonymous_3)","decl":{"start":{"line":36,"column":2},"end":{"line":36,"column":3}},"loc":{"start":{"line":36,"column":11},"end":{"line":51,"column":3}},"line":36},"4":{"name":"mapStateToProps","decl":{"start":{"line":63,"column":9},"end":{"line":63,"column":24}},"loc":{"start":{"line":63,"column":27},"end":{"line":65,"column":1}},"line":63},"5":{"name":"mapDispatchToProps","decl":{"start":{"line":67,"column":9},"end":{"line":67,"column":27}},"loc":{"start":{"line":67,"column":30},"end":{"line":69,"column":1}},"line":67}},"branchMap":{"0":{"loc":{"start":{"line":24,"column":4},"end":{"line":29,"column":5}},"type":"if","locations":[{"start":{"line":24,"column":4},"end":{"line":29,"column":5}},{"start":{"line":24,"column":4},"end":{"line":29,"column":5}}],"line":24},"1":{"loc":{"start":{"line":24,"column":7},"end":{"line":24,"column":87}},"type":"binary-expr","locations":[{"start":{"line":24,"column":7},"end":{"line":24,"column":41}},{"start":{"line":24,"column":45},"end":{"line":24,"column":87}}],"line":24},"2":{"loc":{"start":{"line":39,"column":51},"end":{"line":39,"column":95}},"type":"cond-expr","locations":[{"start":{"line":39,"column":74},"end":{"line":39,"column":88}},{"start":{"line":39,"column":89},"end":{"line":39,"column":95}}],"line":39},"3":{"loc":{"start":{"line":43,"column":83},"end":{"line":43,"column":140}},"type":"cond-expr","locations":[{"start":{"line":43,"column":115},"end":{"line":43,"column":127}},{"start":{"line":43,"column":130},"end":{"line":43,"column":140}}],"line":43}},"s":{"0":1,"1":1,"2":1,"3":1,"4":1,"5":0,"6":0,"7":1,"8":1,"9":2,"10":0,"11":0},"f":{"0":1,"1":0,"2":1,"3":1,"4":0,"5":0},"b":{"0":[0,0],"1":[0,0],"2":[0,1],"3":[0,1]},"_coverageSchema":"332fd63041d2c1bcb487cc26dd0d5f7d97098a6c","hash":"cca102117bc61fdcb808fbc512a8137308b1170c"}
,"/home/jkruse/workspace/react-redux-todo/src/components/ToDo/ToDoActions.js": {"path":"/home/jkruse/workspace/react-redux-todo/src/components/ToDo/ToDoActions.js","statementMap":{"0":{"start":{"line":3,"column":24},"end":{"line":3,"column":34}},"1":{"start":{"line":4,"column":27},"end":{"line":4,"column":40}},"2":{"start":{"line":5,"column":31},"end":{"line":5,"column":48}},"3":{"start":{"line":6,"column":28},"end":{"line":6,"column":41}},"4":{"start":{"line":7,"column":27},"end":{"line":7,"column":40}},"5":{"start":{"line":8,"column":27},"end":{"line":8,"column":40}},"6":{"start":{"line":11,"column":2},"end":{"line":15,"column":3}},"7":{"start":{"line":19,"column":2},"end":{"line":22,"column":3}},"8":{"start":{"line":26,"column":2},"end":{"line":29,"column":3}},"9":{"start":{"line":33,"column":2},"end":{"line":36,"column":3}}},"fnMap":{"0":{"name":"addTodo","decl":{"start":{"line":10,"column":16},"end":{"line":10,"column":23}},"loc":{"start":{"line":10,"column":40},"end":{"line":16,"column":1}},"line":10},"1":{"name":"toggleTodo","decl":{"start":{"line":18,"column":16},"end":{"line":18,"column":26}},"loc":{"start":{"line":18,"column":34},"end":{"line":23,"column":1}},"line":18},"2":{"name":"deleteTodo","decl":{"start":{"line":25,"column":16},"end":{"line":25,"column":26}},"loc":{"start":{"line":25,"column":34},"end":{"line":30,"column":1}},"line":25},"3":{"name":"updateTodo","decl":{"start":{"line":32,"column":16},"end":{"line":32,"column":26}},"loc":{"start":{"line":32,"column":33},"end":{"line":37,"column":1}},"line":32}},"branchMap":{},"s":{"0":5,"1":5,"2":5,"3":5,"4":5,"5":5,"6":1,"7":1,"8":1,"9":1},"f":{"0":1,"1":1,"2":1,"3":1},"b":{},"_coverageSchema":"332fd63041d2c1bcb487cc26dd0d5f7d97098a6c","hash":"ac71aced8820f22cbed9894eda17743027e5cd9a"}
,"/home/jkruse/workspace/react-redux-todo/src/components/ToDo/ToDoReducers.js": {"path":"/home/jkruse/workspace/react-redux-todo/src/components/ToDo/ToDoReducers.js","statementMap":{"0":{"start":{"line":7,"column":2},"end":{"line":47,"column":3}},"1":{"start":{"line":9,"column":21},"end":{"line":14,"column":7}},"2":{"start":{"line":15,"column":6},"end":{"line":18,"column":10}},"3":{"start":{"line":20,"column":6},"end":{"line":32,"column":7}},"4":{"start":{"line":22,"column":12},"end":{"line":30,"column":13}},"5":{"start":{"line":23,"column":14},"end":{"line":27,"column":15}},"6":{"start":{"line":29,"column":14},"end":{"line":29,"column":30}},"7":{"start":{"line":34,"column":6},"end":{"line":44,"column":11}},"8":{"start":{"line":36,"column":10},"end":{"line":43,"column":11}},"9":{"start":{"line":37,"column":12},"end":{"line":40,"column":13}},"10":{"start":{"line":42,"column":12},"end":{"line":42,"column":28}},"11":{"start":{"line":46,"column":6},"end":{"line":46,"column":19}}},"fnMap":{"0":{"name":"todos","decl":{"start":{"line":6,"column":16},"end":{"line":6,"column":21}},"loc":{"start":{"line":6,"column":42},"end":{"line":48,"column":1}},"line":6},"1":{"name":"(anonymous_1)","decl":{"start":{"line":21,"column":21},"end":{"line":21,"column":22}},"loc":{"start":{"line":21,"column":38},"end":{"line":31,"column":9}},"line":21},"2":{"name":"(anonymous_2)","decl":{"start":{"line":35,"column":21},"end":{"line":35,"column":22}},"loc":{"start":{"line":35,"column":38},"end":{"line":44,"column":9}},"line":35}},"branchMap":{"0":{"loc":{"start":{"line":6,"column":22},"end":{"line":6,"column":32}},"type":"default-arg","locations":[{"start":{"line":6,"column":30},"end":{"line":6,"column":32}}],"line":6},"1":{"loc":{"start":{"line":7,"column":2},"end":{"line":47,"column":3}},"type":"switch","locations":[{"start":{"line":8,"column":4},"end":{"line":18,"column":10}},{"start":{"line":19,"column":4},"end":{"line":32,"column":7}},{"start":{"line":33,"column":4},"end":{"line":44,"column":11}},{"start":{"line":45,"column":4},"end":{"line":46,"column":19}}],"line":7},"2":{"loc":{"start":{"line":22,"column":12},"end":{"line":30,"column":13}},"type":"if","locations":[{"start":{"line":22,"column":12},"end":{"line":30,"column":13}},{"start":{"line":22,"column":12},"end":{"line":30,"column":13}}],"line":22},"3":{"loc":{"start":{"line":36,"column":10},"end":{"line":43,"column":11}},"type":"if","locations":[{"start":{"line":36,"column":10},"end":{"line":43,"column":11}},{"start":{"line":36,"column":10},"end":{"line":43,"column":11}}],"line":36}},"s":{"0":7,"1":1,"2":1,"3":3,"4":4,"5":3,"6":1,"7":2,"8":4,"9":2,"10":2,"11":1},"f":{"0":7,"1":4,"2":4},"b":{"0":[0],"1":[1,3,2,1],"2":[3,1],"3":[2,2]},"_coverageSchema":"332fd63041d2c1bcb487cc26dd0d5f7d97098a6c","hash":"3184a87330f3fa14c7c21f66df2c683626975092"}
,"/home/jkruse/workspace/react-redux-todo/src/components/ToDoList/ToDoList.js": {"path":"/home/jkruse/workspace/react-redux-todo/src/components/ToDoList/ToDoList.js","statementMap":{"0":{"start":{"line":10,"column":4},"end":{"line":10,"column":16}},"1":{"start":{"line":11,"column":4},"end":{"line":13,"column":5}},"2":{"start":{"line":14,"column":4},"end":{"line":14,"column":41}},"3":{"start":{"line":15,"column":4},"end":{"line":15,"column":51}},"4":{"start":{"line":19,"column":4},"end":{"line":21,"column":5}},"5":{"start":{"line":25,"column":6},"end":{"line":44,"column":5}},"6":{"start":{"line":36,"column":12},"end":{"line":40,"column":96}},"7":{"start":{"line":39,"column":52},"end":{"line":39,"column":77}},"8":{"start":{"line":40,"column":57},"end":{"line":40,"column":87}},"9":{"start":{"line":47,"column":0},"end":{"line":58,"column":1}}},"fnMap":{"0":{"name":"(anonymous_0)","decl":{"start":{"line":9,"column":2},"end":{"line":9,"column":3}},"loc":{"start":{"line":9,"column":21},"end":{"line":16,"column":3}},"line":9},"1":{"name":"(anonymous_1)","decl":{"start":{"line":18,"column":2},"end":{"line":18,"column":3}},"loc":{"start":{"line":18,"column":39},"end":{"line":22,"column":3}},"line":18},"2":{"name":"(anonymous_2)","decl":{"start":{"line":24,"column":2},"end":{"line":24,"column":3}},"loc":{"start":{"line":24,"column":10},"end":{"line":44,"column":6}},"line":24},"3":{"name":"(anonymous_3)","decl":{"start":{"line":35,"column":32},"end":{"line":35,"column":33}},"loc":{"start":{"line":35,"column":44},"end":{"line":41,"column":11}},"line":35},"4":{"name":"(anonymous_4)","decl":{"start":{"line":39,"column":46},"end":{"line":39,"column":47}},"loc":{"start":{"line":39,"column":52},"end":{"line":39,"column":77}},"line":39},"5":{"name":"(anonymous_5)","decl":{"start":{"line":40,"column":51},"end":{"line":40,"column":52}},"loc":{"start":{"line":40,"column":57},"end":{"line":40,"column":87}},"line":40}},"branchMap":{},"s":{"0":1,"1":1,"2":1,"3":1,"4":0,"5":1,"6":5,"7":0,"8":0,"9":1},"f":{"0":1,"1":0,"2":1,"3":5,"4":0,"5":0},"b":{},"_coverageSchema":"332fd63041d2c1bcb487cc26dd0d5f7d97098a6c","hash":"10b3b7f2bcf1bc7ff67f1ac9f6b097428b2153ce"}
}
