TN:
SF:/home/jkruse/workspace/react-redux-todo/src/components/Filters/FiltersActions.js
FN:11,setVisibilityFilter
FNF:1
FNH:1
FNDA:5,setVisibilityFilter
DA:1,2
DA:3,2
DA:12,5
LF:3
LH:3
BRF:0
BRH:0
end_of_record
TN:
SF:/home/jkruse/workspace/react-redux-todo/src/components/Filters/FiltersReducers.js
FN:9,visibilityFilter
FNF:1
FNH:1
FNDA:6,visibilityFilter
DA:2,1
DA:7,1
DA:10,6
DA:12,5
DA:13,4
DA:15,1
DA:18,1
LF:7
LH:7
BRDA:9,0,0,0
BRDA:10,1,0,5
BRDA:10,1,1,1
BRDA:12,2,0,4
BRDA:12,2,1,1
BRF:5
BRH:4
end_of_record
TN:
SF:/home/jkruse/workspace/react-redux-todo/src/components/Modals/ModalsActions.js
FN:10,closeModal
FN:18,openModal
FNF:2
FNH:2
FNDA:1,closeModal
FNDA:1,openModal
DA:1,5
DA:2,5
DA:4,5
DA:11,1
DA:12,1
DA:19,1
LF:6
LH:6
BRF:0
BRH:0
end_of_record
TN:
SF:/home/jkruse/workspace/react-redux-todo/src/components/Modals/ModalsReducers.js
FN:5,modal
FNF:1
FNH:1
FNDA:6,modal
DA:3,1
DA:6,6
DA:8,1
DA:10,4
DA:13,3
DA:15,1
DA:17,0
DA:20,1
LF:8
LH:7
BRDA:5,0,0,0
BRDA:6,1,0,1
BRDA:6,1,1,4
BRDA:6,1,2,1
BRDA:10,2,0,1
BRDA:10,2,1,3
BRDA:10,2,2,1
BRDA:10,2,3,0
BRF:8
BRH:6
end_of_record
TN:
SF:/home/jkruse/workspace/react-redux-todo/src/components/ToDo/ToDo.js
FN:10,(anonymous_0)
FN:23,(anonymous_1)
FN:32,(anonymous_2)
FN:36,(anonymous_3)
FN:63,mapStateToProps
FN:67,mapDispatchToProps
FNF:6
FNH:3
FNDA:1,(anonymous_0)
FNDA:0,(anonymous_1)
FNDA:1,(anonymous_2)
FNDA:1,(anonymous_3)
FNDA:0,mapStateToProps
FNDA:0,mapDispatchToProps
DA:11,1
DA:12,1
DA:18,1
DA:19,1
DA:20,1
DA:24,0
DA:25,0
DA:33,1
DA:37,1
DA:54,2
DA:64,0
DA:68,0
LF:12
LH:8
BRDA:24,0,0,0
BRDA:24,0,1,0
BRDA:24,1,0,0
BRDA:24,1,1,0
BRDA:39,2,0,0
BRDA:39,2,1,1
BRDA:43,3,0,0
BRDA:43,3,1,1
BRF:8
BRH:2
end_of_record
TN:
SF:/home/jkruse/workspace/react-redux-todo/src/components/ToDo/ToDoActions.js
FN:10,addTodo
FN:18,toggleTodo
FN:25,deleteTodo
FN:32,updateTodo
FNF:4
FNH:4
FNDA:1,addTodo
FNDA:1,toggleTodo
FNDA:1,deleteTodo
FNDA:1,updateTodo
DA:3,5
DA:4,5
DA:5,5
DA:6,5
DA:7,5
DA:8,5
DA:11,1
DA:19,1
DA:26,1
DA:33,1
LF:10
LH:10
BRF:0
BRH:0
end_of_record
TN:
SF:/home/jkruse/workspace/react-redux-todo/src/components/ToDo/ToDoReducers.js
FN:6,todos
FN:21,(anonymous_1)
FN:35,(anonymous_2)
FNF:3
FNH:3
FNDA:7,todos
FNDA:4,(anonymous_1)
FNDA:4,(anonymous_2)
DA:7,7
DA:9,1
DA:15,1
DA:20,3
DA:22,4
DA:23,3
DA:29,1
DA:34,2
DA:36,4
DA:37,2
DA:42,2
DA:46,1
LF:12
LH:12
BRDA:6,0,0,0
BRDA:7,1,0,1
BRDA:7,1,1,3
BRDA:7,1,2,2
BRDA:7,1,3,1
BRDA:22,2,0,3
BRDA:22,2,1,1
BRDA:36,3,0,2
BRDA:36,3,1,2
BRF:9
BRH:8
end_of_record
TN:
SF:/home/jkruse/workspace/react-redux-todo/src/components/ToDoList/ToDoList.js
FN:9,(anonymous_0)
FN:18,(anonymous_1)
FN:24,(anonymous_2)
FN:35,(anonymous_3)
FN:39,(anonymous_4)
FN:40,(anonymous_5)
FNF:6
FNH:3
FNDA:1,(anonymous_0)
FNDA:0,(anonymous_1)
FNDA:1,(anonymous_2)
FNDA:5,(anonymous_3)
FNDA:0,(anonymous_4)
FNDA:0,(anonymous_5)
DA:10,1
DA:11,1
DA:14,1
DA:15,1
DA:19,0
DA:25,1
DA:36,5
DA:39,0
DA:40,0
DA:47,1
LF:10
LH:7
BRF:0
BRH:0
end_of_record
